2016-05-23 10:22:07.256+0000 INFO  [o.n.k.i.f.CommunityFacadeFactory] No locking implementation specified, defaulting to 'community'
2016-05-23 10:22:07.325+0000 INFO  [o.n.k.AvailabilityGuard] Requirement makes database unavailable: Database available
2016-05-23 10:22:07.332+0000 INFO  [o.n.k.i.DiagnosticsManager] --- INITIALIZED diagnostics START ---
2016-05-23 10:22:07.333+0000 INFO  [o.n.k.i.DiagnosticsManager] Neo4j Kernel properties:
2016-05-23 10:22:07.333+0000 INFO  [o.n.k.i.DiagnosticsManager] org.neo4j.server.db.tuning.properties=/Users/arkkadhiratara/Workspaces/in4331/neo4j/db/neo4j.properties
2016-05-23 10:22:07.333+0000 INFO  [o.n.k.i.DiagnosticsManager] org.neo4j.server.database.location=/Users/arkkadhiratara/Workspaces/in4331/neo4j/db
2016-05-23 10:22:07.333+0000 INFO  [o.n.k.i.DiagnosticsManager] dbms.querylog.filename=data/log/queries.log
2016-05-23 10:22:07.333+0000 INFO  [o.n.k.i.DiagnosticsManager] dbms.security.auth_store.location=/Users/arkkadhiratara/Workspaces/in4331/neo4j/db/./dbms/auth
2016-05-23 10:22:07.333+0000 INFO  [o.n.k.i.DiagnosticsManager] dbms.security.tls_certificate_file=/Users/arkkadhiratara/Workspaces/in4331/neo4j/db/./dbms/ssl/snakeoil.cert
2016-05-23 10:22:07.333+0000 INFO  [o.n.k.i.DiagnosticsManager] remote_shell_enabled=true
2016-05-23 10:22:07.333+0000 INFO  [o.n.k.i.DiagnosticsManager] edition=Community
2016-05-23 10:22:07.334+0000 INFO  [o.n.k.i.DiagnosticsManager] dbms.security.tls_key_file=/Users/arkkadhiratara/Workspaces/in4331/neo4j/db/./dbms/ssl/snakeoil.key
2016-05-23 10:22:07.334+0000 INFO  [o.n.k.i.DiagnosticsManager] Diagnostics providers:
2016-05-23 10:22:07.334+0000 INFO  [o.n.k.i.DiagnosticsManager] org.neo4j.kernel.configuration.Config
2016-05-23 10:22:07.334+0000 INFO  [o.n.k.i.DiagnosticsManager] org.neo4j.kernel.info.DiagnosticsManager
2016-05-23 10:22:07.334+0000 INFO  [o.n.k.i.DiagnosticsManager] SYSTEM_MEMORY
2016-05-23 10:22:07.334+0000 INFO  [o.n.k.i.DiagnosticsManager] JAVA_MEMORY
2016-05-23 10:22:07.334+0000 INFO  [o.n.k.i.DiagnosticsManager] OPERATING_SYSTEM
2016-05-23 10:22:07.334+0000 INFO  [o.n.k.i.DiagnosticsManager] JAVA_VIRTUAL_MACHINE
2016-05-23 10:22:07.334+0000 INFO  [o.n.k.i.DiagnosticsManager] CLASSPATH
2016-05-23 10:22:07.334+0000 INFO  [o.n.k.i.DiagnosticsManager] LIBRARY_PATH
2016-05-23 10:22:07.334+0000 INFO  [o.n.k.i.DiagnosticsManager] SYSTEM_PROPERTIES
2016-05-23 10:22:07.334+0000 INFO  [o.n.k.i.DiagnosticsManager] NETWORK
2016-05-23 10:22:07.334+0000 INFO  [o.n.k.i.DiagnosticsManager] System memory information:
2016-05-23 10:22:07.337+0000 INFO  [o.n.k.i.DiagnosticsManager] Total Physical memory: 8.00 GB
2016-05-23 10:22:07.339+0000 INFO  [o.n.k.i.DiagnosticsManager] Free Physical memory: 194.63 MB
2016-05-23 10:22:07.340+0000 INFO  [o.n.k.i.DiagnosticsManager] Committed virtual memory: 4.96 GB
2016-05-23 10:22:07.342+0000 INFO  [o.n.k.i.DiagnosticsManager] Total swap space: 4.00 GB
2016-05-23 10:22:07.343+0000 INFO  [o.n.k.i.DiagnosticsManager] Free swap space: 1.17 GB
2016-05-23 10:22:07.343+0000 INFO  [o.n.k.i.DiagnosticsManager] JVM memory information:
2016-05-23 10:22:07.343+0000 INFO  [o.n.k.i.DiagnosticsManager] Free  memory: 72.03 MB
2016-05-23 10:22:07.343+0000 INFO  [o.n.k.i.DiagnosticsManager] Total memory: 123.00 MB
2016-05-23 10:22:07.343+0000 INFO  [o.n.k.i.DiagnosticsManager] Max   memory: 1.78 GB
2016-05-23 10:22:07.347+0000 INFO  [o.n.k.i.DiagnosticsManager] Garbage Collector: PS Scavenge: [PS Eden Space, PS Survivor Space]
2016-05-23 10:22:07.347+0000 INFO  [o.n.k.i.DiagnosticsManager] Garbage Collector: PS MarkSweep: [PS Eden Space, PS Survivor Space, PS Old Gen, PS Perm Gen]
2016-05-23 10:22:07.349+0000 INFO  [o.n.k.i.DiagnosticsManager] Memory Pool: Code Cache (Non-heap memory): committed=2.44 MB, used=1.03 MB, max=48.00 MB, threshold=0.00 B
2016-05-23 10:22:07.350+0000 INFO  [o.n.k.i.DiagnosticsManager] Memory Pool: PS Eden Space (Heap memory): committed=33.00 MB, used=15.51 MB, max=673.00 MB, threshold=?
2016-05-23 10:22:07.351+0000 INFO  [o.n.k.i.DiagnosticsManager] Memory Pool: PS Survivor Space (Heap memory): committed=5.00 MB, used=4.98 MB, max=5.00 MB, threshold=?
2016-05-23 10:22:07.352+0000 INFO  [o.n.k.i.DiagnosticsManager] Memory Pool: PS Old Gen (Heap memory): committed=85.00 MB, used=30.48 MB, max=1.33 GB, threshold=0.00 B
2016-05-23 10:22:07.352+0000 INFO  [o.n.k.i.DiagnosticsManager] Memory Pool: PS Perm Gen (Non-heap memory): committed=21.00 MB, used=20.07 MB, max=82.00 MB, threshold=0.00 B
2016-05-23 10:22:07.353+0000 INFO  [o.n.k.i.DiagnosticsManager] Operating system information:
2016-05-23 10:22:07.356+0000 INFO  [o.n.k.i.DiagnosticsManager] Operating System: Mac OS X; version: 10.10.5; arch: x86_64; cpus: 4
2016-05-23 10:22:07.357+0000 INFO  [o.n.k.i.DiagnosticsManager] Max number of file descriptors: 10.00 kB
2016-05-23 10:22:07.358+0000 INFO  [o.n.k.i.DiagnosticsManager] Number of open file descriptors: 51.00 B
2016-05-23 10:22:07.371+0000 INFO  [o.n.k.i.DiagnosticsManager] Process id: 93529@wlan-145-94-146-207.wlan.tudelft.nl
2016-05-23 10:22:07.371+0000 INFO  [o.n.k.i.DiagnosticsManager] Byte order: LITTLE_ENDIAN
2016-05-23 10:22:07.371+0000 INFO  [o.n.k.i.DiagnosticsManager] Local timezone: Europe/Amsterdam
2016-05-23 10:22:07.371+0000 INFO  [o.n.k.i.DiagnosticsManager] JVM information:
2016-05-23 10:22:07.371+0000 INFO  [o.n.k.i.DiagnosticsManager] VM Name: Java HotSpot(TM) 64-Bit Server VM
2016-05-23 10:22:07.371+0000 INFO  [o.n.k.i.DiagnosticsManager] VM Vendor: Oracle Corporation
2016-05-23 10:22:07.371+0000 INFO  [o.n.k.i.DiagnosticsManager] VM Version: 24.80-b11
2016-05-23 10:22:07.371+0000 INFO  [o.n.k.i.DiagnosticsManager] JIT compiler: HotSpot 64-Bit Tiered Compilers
2016-05-23 10:22:07.373+0000 INFO  [o.n.k.i.DiagnosticsManager] VM Arguments: [-Dfile.encoding=UTF-8, -Dinstall4j.launcherId=24, -Dinstall4j.swt=false, -Dexe4j.moduleName=/Applications/Neo4j Community Edition.app, -Di4j.ownBundlePath=/Applications/Neo4j Community Edition.app, -Di4j.jreBundle=/Applications/Neo4j Community Edition.app/Contents/Resources/jre.bundle]
2016-05-23 10:22:07.373+0000 INFO  [o.n.k.i.DiagnosticsManager] Java classpath:
2016-05-23 10:22:07.374+0000 INFO  [o.n.k.i.DiagnosticsManager]  [bootstrap] /Applications/Neo4j Community Edition.app/Contents/Resources/jre.bundle/Contents/Home/jre/lib/sunrsasign.jar
2016-05-23 10:22:07.375+0000 INFO  [o.n.k.i.DiagnosticsManager]  [bootstrap] /Applications/Neo4j Community Edition.app/Contents/Resources/jre.bundle/Contents/Home/jre/lib/jce.jar
2016-05-23 10:22:07.375+0000 INFO  [o.n.k.i.DiagnosticsManager]  [bootstrap] /Applications/Neo4j Community Edition.app/Contents/Resources/jre.bundle/Contents/Home/jre/lib/rt.jar
2016-05-23 10:22:07.375+0000 INFO  [o.n.k.i.DiagnosticsManager]  [loader.1] file:/System/Library/Java/Extensions/dns_sd.jar
2016-05-23 10:22:07.375+0000 INFO  [o.n.k.i.DiagnosticsManager]  [loader.0] file:/Applications/Neo4j%20Community%20Edition.app/Contents/Resources/app/bin/neo4j-desktop-2.3.2.jar
2016-05-23 10:22:07.375+0000 INFO  [o.n.k.i.DiagnosticsManager]  [loader.1] file:/System/Library/Java/Extensions/j3dutils.jar
2016-05-23 10:22:07.375+0000 INFO  [o.n.k.i.DiagnosticsManager]  [loader.1] file:/System/Library/Java/Extensions/MRJToolkit.jar
2016-05-23 10:22:07.375+0000 INFO  [o.n.k.i.DiagnosticsManager]  [loader.1] file:/System/Library/Java/Extensions/jai_core.jar
2016-05-23 10:22:07.375+0000 INFO  [o.n.k.i.DiagnosticsManager]  [loader.1] file:/System/Library/Java/Extensions/vecmath.jar
2016-05-23 10:22:07.375+0000 INFO  [o.n.k.i.DiagnosticsManager]  [loader.1] file:/System/Library/Java/Extensions/libmlib_jai.jnilib
2016-05-23 10:22:07.375+0000 INFO  [o.n.k.i.DiagnosticsManager]  [loader.1] file:/System/Library/Java/Extensions/jai_codec.jar
2016-05-23 10:22:07.375+0000 INFO  [o.n.k.i.DiagnosticsManager]  [loader.1] file:/Applications/Neo4j%20Community%20Edition.app/Contents/Resources/jre.bundle/Contents/Home/jre/lib/ext/sunpkcs11.jar
2016-05-23 10:22:07.375+0000 INFO  [o.n.k.i.DiagnosticsManager]  [loader.1] file:/Applications/Neo4j%20Community%20Edition.app/Contents/Resources/jre.bundle/Contents/Home/jre/lib/ext/zipfs.jar
2016-05-23 10:22:07.375+0000 INFO  [o.n.k.i.DiagnosticsManager]  [bootstrap] /Applications/Neo4j Community Edition.app/Contents/Resources/jre.bundle/Contents/Home/jre/lib/jfr.jar
2016-05-23 10:22:07.375+0000 INFO  [o.n.k.i.DiagnosticsManager]  [loader.1] file:/System/Library/Java/Extensions/libJ3D.jnilib
2016-05-23 10:22:07.375+0000 INFO  [o.n.k.i.DiagnosticsManager]  [loader.1] file:/Applications/Neo4j%20Community%20Edition.app/Contents/Resources/jre.bundle/Contents/Home/jre/lib/ext/localedata.jar
2016-05-23 10:22:07.375+0000 INFO  [o.n.k.i.DiagnosticsManager]  [loader.1] file:/System/Library/Java/Extensions/mlibwrapper_jai.jar
2016-05-23 10:22:07.375+0000 INFO  [o.n.k.i.DiagnosticsManager]  [loader.0] file:/Applications/Neo4j%20Community%20Edition.app/Contents/Resources/app/.install4j/i4jruntime.jar
2016-05-23 10:22:07.376+0000 INFO  [o.n.k.i.DiagnosticsManager]  [loader.1] file:/Applications/Neo4j%20Community%20Edition.app/Contents/Resources/jre.bundle/Contents/Home/jre/lib/ext/dnsns.jar
2016-05-23 10:22:07.376+0000 INFO  [o.n.k.i.DiagnosticsManager]  [loader.1] file:/Applications/Neo4j%20Community%20Edition.app/Contents/Resources/jre.bundle/Contents/Home/jre/lib/ext/sunjce_provider.jar
2016-05-23 10:22:07.376+0000 INFO  [o.n.k.i.DiagnosticsManager]  [classpath] /Applications/Neo4j Community Edition.app/Contents/Resources/app/bin/neo4j-desktop-2.3.2.jar
2016-05-23 10:22:07.376+0000 INFO  [o.n.k.i.DiagnosticsManager]  [loader.1] file:/Applications/Neo4j%20Community%20Edition.app/Contents/Resources/jre.bundle/Contents/Home/jre/lib/ext/sunec.jar
2016-05-23 10:22:07.376+0000 INFO  [o.n.k.i.DiagnosticsManager]  [loader.1] file:/System/Library/Java/Extensions/libJ3DAudio.jnilib
2016-05-23 10:22:07.376+0000 INFO  [o.n.k.i.DiagnosticsManager]  [loader.1] file:/System/Library/Java/Extensions/libAppleScriptEngine.jnilib
2016-05-23 10:22:07.376+0000 INFO  [o.n.k.i.DiagnosticsManager]  [classpath] /Applications/Neo4j Community Edition.app/Contents/Resources/app/.install4j/i4jruntime.jar
2016-05-23 10:22:07.376+0000 INFO  [o.n.k.i.DiagnosticsManager]  [bootstrap] /Applications/Neo4j Community Edition.app/Contents/Resources/jre.bundle/Contents/Home/jre/classes
2016-05-23 10:22:07.376+0000 INFO  [o.n.k.i.DiagnosticsManager]  [loader.1] file:/System/Library/Java/Extensions/AppleScriptEngine.jar
2016-05-23 10:22:07.376+0000 INFO  [o.n.k.i.DiagnosticsManager]  [loader.1] file:/System/Library/Java/Extensions/j3daudio.jar
2016-05-23 10:22:07.376+0000 INFO  [o.n.k.i.DiagnosticsManager]  [bootstrap] /Applications/Neo4j Community Edition.app/Contents/Resources/jre.bundle/Contents/Home/jre/lib/jsse.jar
2016-05-23 10:22:07.376+0000 INFO  [o.n.k.i.DiagnosticsManager]  [loader.1] file:/System/Library/Java/Extensions/libJ3DUtils.jnilib
2016-05-23 10:22:07.376+0000 INFO  [o.n.k.i.DiagnosticsManager]  [bootstrap] /Applications/Neo4j Community Edition.app/Contents/Resources/jre.bundle/Contents/Home/jre/lib/charsets.jar
2016-05-23 10:22:07.376+0000 INFO  [o.n.k.i.DiagnosticsManager]  [bootstrap] /Applications/Neo4j Community Edition.app/Contents/Resources/jre.bundle/Contents/Home/jre/lib/resources.jar
2016-05-23 10:22:07.376+0000 INFO  [o.n.k.i.DiagnosticsManager]  [loader.1] file:/System/Library/Java/Extensions/j3dcore.jar
2016-05-23 10:22:07.376+0000 INFO  [o.n.k.i.DiagnosticsManager]  [loader.1] file:/usr/lib/java/libjdns_sd.jnilib
2016-05-23 10:22:07.376+0000 INFO  [o.n.k.i.DiagnosticsManager] Library path:
2016-05-23 10:22:07.377+0000 INFO  [o.n.k.i.DiagnosticsManager] /Users/arkkadhiratara/Library/Java/Extensions
2016-05-23 10:22:07.377+0000 INFO  [o.n.k.i.DiagnosticsManager] /Library/Java/Extensions
2016-05-23 10:22:07.377+0000 INFO  [o.n.k.i.DiagnosticsManager] /Network/Library/Java/Extensions
2016-05-23 10:22:07.377+0000 INFO  [o.n.k.i.DiagnosticsManager] /System/Library/Java/Extensions
2016-05-23 10:22:07.377+0000 INFO  [o.n.k.i.DiagnosticsManager] /usr/lib/java
2016-05-23 10:22:07.377+0000 INFO  [o.n.k.i.DiagnosticsManager] /Applications/Neo4j Community Edition.app/Contents/Resources/app/bin
2016-05-23 10:22:07.377+0000 INFO  [o.n.k.i.DiagnosticsManager] System.properties:
2016-05-23 10:22:07.377+0000 INFO  [o.n.k.i.DiagnosticsManager] exe4j.moduleName = /Applications/Neo4j Community Edition.app
2016-05-23 10:22:07.377+0000 INFO  [o.n.k.i.DiagnosticsManager] sun.boot.library.path = /Applications/Neo4j Community Edition.app/Contents/Resources/jre.bundle/Contents/Home/jre/lib
2016-05-23 10:22:07.377+0000 INFO  [o.n.k.i.DiagnosticsManager] user.country.format = ID
2016-05-23 10:22:07.377+0000 INFO  [o.n.k.i.DiagnosticsManager] i4j.jreBundle = /Applications/Neo4j Community Edition.app/Contents/Resources/jre.bundle
2016-05-23 10:22:07.377+0000 INFO  [o.n.k.i.DiagnosticsManager] gopherProxySet = false
2016-05-23 10:22:07.377+0000 INFO  [o.n.k.i.DiagnosticsManager] path.separator = :
2016-05-23 10:22:07.377+0000 INFO  [o.n.k.i.DiagnosticsManager] file.encoding.pkg = sun.io
2016-05-23 10:22:07.378+0000 INFO  [o.n.k.i.DiagnosticsManager] user.country = US
2016-05-23 10:22:07.378+0000 INFO  [o.n.k.i.DiagnosticsManager] sun.java.launcher = SUN_STANDARD
2016-05-23 10:22:07.378+0000 INFO  [o.n.k.i.DiagnosticsManager] sun.os.patch.level = unknown
2016-05-23 10:22:07.378+0000 INFO  [o.n.k.i.DiagnosticsManager] install4j.exeDir = /Applications/
2016-05-23 10:22:07.378+0000 INFO  [o.n.k.i.DiagnosticsManager] user.dir = /Applications/Neo4j Community Edition.app/Contents/Resources/app/bin
2016-05-23 10:22:07.378+0000 INFO  [o.n.k.i.DiagnosticsManager] neo4j.ext.udc.source = desktop
2016-05-23 10:22:07.378+0000 INFO  [o.n.k.i.DiagnosticsManager] i4j.ownBundlePath = /Applications/Neo4j Community Edition.app
2016-05-23 10:22:07.378+0000 INFO  [o.n.k.i.DiagnosticsManager] sun.jnu.encoding = UTF-8
2016-05-23 10:22:07.378+0000 INFO  [o.n.k.i.DiagnosticsManager] sun.awt.enableExtraMouseButtons = true
2016-05-23 10:22:07.378+0000 INFO  [o.n.k.i.DiagnosticsManager] install4j.launcherId = 24
2016-05-23 10:22:07.378+0000 INFO  [o.n.k.i.DiagnosticsManager] sun.management.compiler = HotSpot 64-Bit Tiered Compilers
2016-05-23 10:22:07.378+0000 INFO  [o.n.k.i.DiagnosticsManager] install4j.swt = false
2016-05-23 10:22:07.378+0000 INFO  [o.n.k.i.DiagnosticsManager] apple.awt.fileDialogForDirectories = false
2016-05-23 10:22:07.379+0000 INFO  [o.n.k.i.DiagnosticsManager] http.nonProxyHosts = local|*.local|169.254/16|*.169.254/16
2016-05-23 10:22:07.379+0000 INFO  [o.n.k.i.DiagnosticsManager] user.home = /Users/arkkadhiratara
2016-05-23 10:22:07.379+0000 INFO  [o.n.k.i.DiagnosticsManager] user.timezone = Europe/Amsterdam
2016-05-23 10:22:07.379+0000 INFO  [o.n.k.i.DiagnosticsManager] file.encoding = UTF-8
2016-05-23 10:22:07.379+0000 INFO  [o.n.k.i.DiagnosticsManager] user.name = arkkadhiratara
2016-05-23 10:22:07.379+0000 INFO  [o.n.k.i.DiagnosticsManager] sun.java.command = com.install4j.runtime.launcher.MacLauncher
2016-05-23 10:22:07.379+0000 INFO  [o.n.k.i.DiagnosticsManager] sun.arch.data.model = 64
2016-05-23 10:22:07.379+0000 INFO  [o.n.k.i.DiagnosticsManager] user.language = en
2016-05-23 10:22:07.379+0000 INFO  [o.n.k.i.DiagnosticsManager] awt.toolkit = sun.lwawt.macosx.LWCToolkit
2016-05-23 10:22:07.379+0000 INFO  [o.n.k.i.DiagnosticsManager] install4j.appDir = /Applications/Neo4j Community Edition.app/Contents/Resources/app/
2016-05-23 10:22:07.379+0000 INFO  [o.n.k.i.DiagnosticsManager] file.separator = /
2016-05-23 10:22:07.379+0000 INFO  [o.n.k.i.DiagnosticsManager] sun.font.fontmanager = sun.font.CFontManager
2016-05-23 10:22:07.379+0000 INFO  [o.n.k.i.DiagnosticsManager] sun.io.unicode.encoding = UnicodeBig
2016-05-23 10:22:07.379+0000 INFO  [o.n.k.i.DiagnosticsManager] sun.cpu.endian = little
2016-05-23 10:22:07.379+0000 INFO  [o.n.k.i.DiagnosticsManager] socksNonProxyHosts = local|*.local|169.254/16|*.169.254/16
2016-05-23 10:22:07.379+0000 INFO  [o.n.k.i.DiagnosticsManager] ftp.nonProxyHosts = local|*.local|169.254/16|*.169.254/16
2016-05-23 10:22:07.380+0000 INFO  [o.n.k.i.DiagnosticsManager] sun.cpu.isalist = 
2016-05-23 10:22:07.380+0000 INFO  [o.n.k.i.DiagnosticsManager] Network information:
2016-05-23 10:22:07.387+0000 INFO  [o.n.k.i.DiagnosticsManager] Interface utun0:
2016-05-23 10:22:07.387+0000 INFO  [o.n.k.i.DiagnosticsManager]     address: fd64:a9f3:6182:c2c3:cc34:cb27:9604:89d8
2016-05-23 10:22:07.387+0000 INFO  [o.n.k.i.DiagnosticsManager]     address: fe80:0:0:0:cc34:cb27:9604:89d8%10
2016-05-23 10:22:07.387+0000 INFO  [o.n.k.i.DiagnosticsManager] Interface awdl0:
2016-05-23 10:22:07.387+0000 INFO  [o.n.k.i.DiagnosticsManager]     address: fe80:0:0:0:f094:ebff:fe5a:3f24%9
2016-05-23 10:22:07.387+0000 INFO  [o.n.k.i.DiagnosticsManager] Interface en0:
2016-05-23 10:22:07.387+0000 INFO  [o.n.k.i.DiagnosticsManager]     address: fe80:0:0:0:6e40:8ff:fea0:639e%4
2016-05-23 10:22:07.388+0000 INFO  [o.n.k.i.DiagnosticsManager]     address: 145.94.146.207
2016-05-23 10:22:07.388+0000 INFO  [o.n.k.i.DiagnosticsManager] Interface lo0:
2016-05-23 10:22:07.388+0000 INFO  [o.n.k.i.DiagnosticsManager]     address: fe80:0:0:0:0:0:0:1%1
2016-05-23 10:22:07.388+0000 INFO  [o.n.k.i.DiagnosticsManager]     address: 0:0:0:0:0:0:0:1
2016-05-23 10:22:07.388+0000 INFO  [o.n.k.i.DiagnosticsManager]     address: 127.0.0.1
2016-05-23 10:22:07.388+0000 INFO  [o.n.k.i.DiagnosticsManager] --- INITIALIZED diagnostics END ---
2016-05-23 10:22:07.754+0000 INFO  [o.n.k.a.i.i.LuceneLabelScanStore] No lucene scan store index found, this might just be first use. Preparing to rebuild.
2016-05-23 10:22:07.813+0000 INFO  [o.n.k.NeoStoreDataSource] Opened logical log [/Users/arkkadhiratara/Workspaces/in4331/neo4j/db/neostore.transaction.db.0] version=0, lastTxId=1 (clean)
2016-05-23 10:22:07.819+0000 WARN  [o.n.k.i.s.MetaDataStore] Missing counts store, rebuilding it.
2016-05-23 10:22:07.905+0000 INFO  [o.n.k.a.i.i.LuceneLabelScanStore] Rebuilding lucene scan store, this may take a while
2016-05-23 10:22:07.907+0000 INFO  [o.n.k.a.i.i.LuceneLabelScanStore] Lucene scan store rebuilt (roughly -1 nodes)
2016-05-23 10:22:07.911+0000 INFO  [o.n.k.KernelHealth] Kernel health set to OK
2016-05-23 10:22:08.483+0000 INFO  [o.n.k.AvailabilityGuard] Fulfilling of requirement makes database available: Database available
2016-05-23 10:22:08.484+0000 INFO  [o.n.k.i.f.CommunityFacadeFactory] Database is now ready
2016-05-23 10:22:08.485+0000 INFO  [o.n.k.i.DiagnosticsManager] --- STARTED diagnostics for KernelDiagnostics:Versions START ---
2016-05-23 10:22:08.485+0000 INFO  [o.n.k.i.DiagnosticsManager] Graph Database: Community StoreId{creationTime=1463998927626, randomId=4193455457276269071, storeVersion=15250506225055238, upgradeTime=1463998927626, upgradeId=1}
2016-05-23 10:22:08.485+0000 INFO  [o.n.k.i.DiagnosticsManager] Kernel version: 2.3.2
2016-05-23 10:22:08.485+0000 INFO  [o.n.k.i.DiagnosticsManager] --- STARTED diagnostics for KernelDiagnostics:Versions END ---
2016-05-23 10:22:08.487+0000 INFO  [o.n.k.i.DiagnosticsManager] --- STARTED diagnostics for NEO_STORE_VERSIONS START ---
2016-05-23 10:22:08.487+0000 INFO  [o.n.k.i.DiagnosticsManager] Store versions:
2016-05-23 10:22:08.487+0000 INFO  [o.n.k.i.DiagnosticsManager] Store versions:
2016-05-23 10:22:08.487+0000 INFO  [o.n.k.i.DiagnosticsManager] ArrayPropertyStore v0.A.6
2016-05-23 10:22:08.487+0000 INFO  [o.n.k.i.DiagnosticsManager] NodeStore v0.A.6
2016-05-23 10:22:08.487+0000 INFO  [o.n.k.i.DiagnosticsManager] StringPropertyStore v0.A.6
2016-05-23 10:22:08.487+0000 INFO  [o.n.k.i.DiagnosticsManager] PropertyIndexStore v0.A.6
2016-05-23 10:22:08.487+0000 INFO  [o.n.k.i.DiagnosticsManager] StringPropertyStore v0.A.6
2016-05-23 10:22:08.487+0000 INFO  [o.n.k.i.DiagnosticsManager] ArrayPropertyStore v0.A.6
2016-05-23 10:22:08.487+0000 INFO  [o.n.k.i.DiagnosticsManager] PropertyStore v0.A.6
2016-05-23 10:22:08.488+0000 INFO  [o.n.k.i.DiagnosticsManager] RelationshipStore v0.A.6
2016-05-23 10:22:08.488+0000 INFO  [o.n.k.i.DiagnosticsManager] StringPropertyStore v0.A.6
2016-05-23 10:22:08.488+0000 INFO  [o.n.k.i.DiagnosticsManager] RelationshipTypeStore v0.A.6
2016-05-23 10:22:08.488+0000 INFO  [o.n.k.i.DiagnosticsManager] StringPropertyStore v0.A.6
2016-05-23 10:22:08.488+0000 INFO  [o.n.k.i.DiagnosticsManager] LabelTokenStore v0.A.6
2016-05-23 10:22:08.488+0000 INFO  [o.n.k.i.DiagnosticsManager] SchemaStore v0.A.6
2016-05-23 10:22:08.488+0000 INFO  [o.n.k.i.DiagnosticsManager] RelationshipGroupStore v0.A.6
2016-05-23 10:22:08.488+0000 INFO  [o.n.k.i.DiagnosticsManager] NeoStore v0.A.6
2016-05-23 10:22:08.488+0000 INFO  [o.n.k.i.DiagnosticsManager] --- STARTED diagnostics for NEO_STORE_VERSIONS END ---
2016-05-23 10:22:08.488+0000 INFO  [o.n.k.i.DiagnosticsManager] --- STARTED diagnostics for NEO_STORE_ID_USAGE START ---
2016-05-23 10:22:08.488+0000 INFO  [o.n.k.i.DiagnosticsManager] Id usage:
2016-05-23 10:22:08.489+0000 INFO  [o.n.k.i.DiagnosticsManager] Id usage:
2016-05-23 10:22:08.489+0000 INFO  [o.n.k.i.DiagnosticsManager]   ArrayPropertyStore v0.A.6: used=1 high=0
2016-05-23 10:22:08.489+0000 INFO  [o.n.k.i.DiagnosticsManager]   NodeStore v0.A.6: used=0 high=-1
2016-05-23 10:22:08.489+0000 INFO  [o.n.k.i.DiagnosticsManager]   StringPropertyStore v0.A.6: used=1 high=0
2016-05-23 10:22:08.489+0000 INFO  [o.n.k.i.DiagnosticsManager]   PropertyIndexStore v0.A.6: used=0 high=-1
2016-05-23 10:22:08.489+0000 INFO  [o.n.k.i.DiagnosticsManager]   StringPropertyStore v0.A.6: used=1 high=0
2016-05-23 10:22:08.490+0000 INFO  [o.n.k.i.DiagnosticsManager]   ArrayPropertyStore v0.A.6: used=1 high=0
2016-05-23 10:22:08.490+0000 INFO  [o.n.k.i.DiagnosticsManager]   PropertyStore v0.A.6: used=0 high=-1
2016-05-23 10:22:08.490+0000 INFO  [o.n.k.i.DiagnosticsManager]   RelationshipStore v0.A.6: used=0 high=-1
2016-05-23 10:22:08.490+0000 INFO  [o.n.k.i.DiagnosticsManager]   StringPropertyStore v0.A.6: used=1 high=0
2016-05-23 10:22:08.490+0000 INFO  [o.n.k.i.DiagnosticsManager]   RelationshipTypeStore v0.A.6: used=0 high=-1
2016-05-23 10:22:08.490+0000 INFO  [o.n.k.i.DiagnosticsManager]   StringPropertyStore v0.A.6: used=1 high=0
2016-05-23 10:22:08.490+0000 INFO  [o.n.k.i.DiagnosticsManager]   LabelTokenStore v0.A.6: used=0 high=-1
2016-05-23 10:22:08.491+0000 INFO  [o.n.k.i.DiagnosticsManager]   SchemaStore v0.A.6: used=1 high=0
2016-05-23 10:22:08.491+0000 INFO  [o.n.k.i.DiagnosticsManager]   RelationshipGroupStore v0.A.6: used=1 high=0
2016-05-23 10:22:08.491+0000 INFO  [o.n.k.i.DiagnosticsManager]   NeoStore v0.A.6: used=13 high=12
2016-05-23 10:22:08.491+0000 INFO  [o.n.k.i.DiagnosticsManager] --- STARTED diagnostics for NEO_STORE_ID_USAGE END ---
2016-05-23 10:22:08.491+0000 INFO  [o.n.k.i.DiagnosticsManager] --- STARTED diagnostics for NEO_STORE_RECORDS START ---
2016-05-23 10:22:08.491+0000 INFO  [o.n.k.i.DiagnosticsManager] Neostore records:
2016-05-23 10:22:08.492+0000 INFO  [o.n.k.i.DiagnosticsManager] TIME (Creation time): 1463998927626
2016-05-23 10:22:08.492+0000 INFO  [o.n.k.i.DiagnosticsManager] RANDOM_NUMBER (Random number for store id): 4193455457276269071
2016-05-23 10:22:08.492+0000 INFO  [o.n.k.i.DiagnosticsManager] LOG_VERSION (Current log version): 0
2016-05-23 10:22:08.493+0000 INFO  [o.n.k.i.DiagnosticsManager] LAST_TRANSACTION_ID (Last committed transaction): 1
2016-05-23 10:22:08.493+0000 INFO  [o.n.k.i.DiagnosticsManager] STORE_VERSION (Store format version): 15250506225055238
2016-05-23 10:22:08.493+0000 INFO  [o.n.k.i.DiagnosticsManager] FIRST_GRAPH_PROPERTY (First property record containing graph properties): -1
2016-05-23 10:22:08.493+0000 INFO  [o.n.k.i.DiagnosticsManager] LAST_CONSTRAINT_TRANSACTION (Last committed transaction containing constraint changes): 0
2016-05-23 10:22:08.493+0000 INFO  [o.n.k.i.DiagnosticsManager] UPGRADE_TRANSACTION_ID (Transaction id most recent upgrade was performed at): 1
2016-05-23 10:22:08.493+0000 INFO  [o.n.k.i.DiagnosticsManager] UPGRADE_TIME (Time of last upgrade): 1463998927626
2016-05-23 10:22:08.493+0000 INFO  [o.n.k.i.DiagnosticsManager] LAST_TRANSACTION_CHECKSUM (Checksum of last committed transaction): 0
2016-05-23 10:22:08.493+0000 INFO  [o.n.k.i.DiagnosticsManager] UPGRADE_TRANSACTION_CHECKSUM (Checksum of transaction id the most recent upgrade was performed at): 0
2016-05-23 10:22:08.493+0000 INFO  [o.n.k.i.DiagnosticsManager] LAST_CLOSED_TRANSACTION_LOG_VERSION (Log version where the last transaction commit entry has been written into): 0
2016-05-23 10:22:08.493+0000 INFO  [o.n.k.i.DiagnosticsManager] LAST_CLOSED_TRANSACTION_LOG_BYTE_OFFSET (Byte offset in the log file where the last transaction commit entry has been written into): 16
2016-05-23 10:22:08.494+0000 INFO  [o.n.k.i.DiagnosticsManager] --- STARTED diagnostics for NEO_STORE_RECORDS END ---
2016-05-23 10:22:08.494+0000 INFO  [o.n.k.i.DiagnosticsManager] --- STARTED diagnostics for TRANSACTION_RANGE START ---
2016-05-23 10:22:08.494+0000 INFO  [o.n.k.i.DiagnosticsManager] Transaction log:
2016-05-23 10:22:08.495+0000 INFO  [o.n.k.i.DiagnosticsManager] No transactions found in any log
2016-05-23 10:22:08.495+0000 INFO  [o.n.k.i.DiagnosticsManager] --- STARTED diagnostics for TRANSACTION_RANGE END ---
2016-05-23 10:22:08.495+0000 INFO  [o.n.k.i.DiagnosticsManager] --- STARTED diagnostics for KernelDiagnostics:StoreFiles START ---
2016-05-23 10:22:08.495+0000 INFO  [o.n.k.i.DiagnosticsManager] Disk space on partition (Total / Free / Free %): 448999866368 / 18832363520 / 4
Storage files: (filename : modification date - size)
2016-05-23 10:22:08.496+0000 INFO  [o.n.k.i.DiagnosticsManager]   dbms:
2016-05-23 10:22:08.496+0000 INFO  [o.n.k.i.DiagnosticsManager]     ssl:
2016-05-23 10:22:08.496+0000 INFO  [o.n.k.i.DiagnosticsManager]       snakeoil.cert: 2016-05-23T12:22:07+0200 - 630.00 B
2016-05-23 10:22:08.496+0000 INFO  [o.n.k.i.DiagnosticsManager]       snakeoil.key: 2016-05-23T12:22:07+0200 - 914.00 B
2016-05-23 10:22:08.497+0000 INFO  [o.n.k.i.DiagnosticsManager]     - Total: 2016-05-23T12:22:07+0200 - 1.51 kB
2016-05-23 10:22:08.497+0000 INFO  [o.n.k.i.DiagnosticsManager]   - Total: 2016-05-23T12:22:07+0200 - 1.51 kB
2016-05-23 10:22:08.497+0000 INFO  [o.n.k.i.DiagnosticsManager]   index:
2016-05-23 10:22:08.497+0000 INFO  [o.n.k.i.DiagnosticsManager]   - Total: 2016-05-23T12:22:07+0200 - 0.00 B
2016-05-23 10:22:08.498+0000 INFO  [o.n.k.i.DiagnosticsManager]   messages.log: 2016-05-23T12:22:08+0200 - 25.80 kB
2016-05-23 10:22:08.498+0000 INFO  [o.n.k.i.DiagnosticsManager]   neo4j.properties: 2016-05-23T12:22:06+0200 - 1.27 kB
2016-05-23 10:22:08.498+0000 INFO  [o.n.k.i.DiagnosticsManager]   neostore: 2016-05-23T12:22:07+0200 - 8.00 kB
2016-05-23 10:22:08.498+0000 INFO  [o.n.k.i.DiagnosticsManager]   neostore.counts.db.a: 2016-05-23T12:22:07+0200 - 96.00 B
2016-05-23 10:22:08.499+0000 INFO  [o.n.k.i.DiagnosticsManager]   neostore.id: 2016-05-23T12:22:07+0200 - 9.00 B
2016-05-23 10:22:08.499+0000 INFO  [o.n.k.i.DiagnosticsManager]   neostore.labeltokenstore.db: 2016-05-23T12:22:07+0200 - 0.00 B
2016-05-23 10:22:08.499+0000 INFO  [o.n.k.i.DiagnosticsManager]   neostore.labeltokenstore.db.id: 2016-05-23T12:22:07+0200 - 9.00 B
2016-05-23 10:22:08.499+0000 INFO  [o.n.k.i.DiagnosticsManager]   neostore.labeltokenstore.db.names: 2016-05-23T12:22:07+0200 - 8.00 kB
2016-05-23 10:22:08.500+0000 INFO  [o.n.k.i.DiagnosticsManager]   neostore.labeltokenstore.db.names.id: 2016-05-23T12:22:07+0200 - 9.00 B
2016-05-23 10:22:08.500+0000 INFO  [o.n.k.i.DiagnosticsManager]   neostore.nodestore.db: 2016-05-23T12:22:07+0200 - 0.00 B
2016-05-23 10:22:08.500+0000 INFO  [o.n.k.i.DiagnosticsManager]   neostore.nodestore.db.id: 2016-05-23T12:22:07+0200 - 9.00 B
2016-05-23 10:22:08.500+0000 INFO  [o.n.k.i.DiagnosticsManager]   neostore.nodestore.db.labels: 2016-05-23T12:22:07+0200 - 8.00 kB
2016-05-23 10:22:08.501+0000 INFO  [o.n.k.i.DiagnosticsManager]   neostore.nodestore.db.labels.id: 2016-05-23T12:22:07+0200 - 9.00 B
2016-05-23 10:22:08.501+0000 INFO  [o.n.k.i.DiagnosticsManager]   neostore.propertystore.db: 2016-05-23T12:22:07+0200 - 0.00 B
2016-05-23 10:22:08.501+0000 INFO  [o.n.k.i.DiagnosticsManager]   neostore.propertystore.db.arrays: 2016-05-23T12:22:07+0200 - 8.00 kB
2016-05-23 10:22:08.501+0000 INFO  [o.n.k.i.DiagnosticsManager]   neostore.propertystore.db.arrays.id: 2016-05-23T12:22:07+0200 - 9.00 B
2016-05-23 10:22:08.502+0000 INFO  [o.n.k.i.DiagnosticsManager]   neostore.propertystore.db.id: 2016-05-23T12:22:07+0200 - 9.00 B
2016-05-23 10:22:08.502+0000 INFO  [o.n.k.i.DiagnosticsManager]   neostore.propertystore.db.index: 2016-05-23T12:22:07+0200 - 0.00 B
2016-05-23 10:22:08.502+0000 INFO  [o.n.k.i.DiagnosticsManager]   neostore.propertystore.db.index.id: 2016-05-23T12:22:07+0200 - 9.00 B
2016-05-23 10:22:08.502+0000 INFO  [o.n.k.i.DiagnosticsManager]   neostore.propertystore.db.index.keys: 2016-05-23T12:22:07+0200 - 8.00 kB
2016-05-23 10:22:08.503+0000 INFO  [o.n.k.i.DiagnosticsManager]   neostore.propertystore.db.index.keys.id: 2016-05-23T12:22:07+0200 - 9.00 B
2016-05-23 10:22:08.503+0000 INFO  [o.n.k.i.DiagnosticsManager]   neostore.propertystore.db.strings: 2016-05-23T12:22:07+0200 - 8.00 kB
2016-05-23 10:22:08.503+0000 INFO  [o.n.k.i.DiagnosticsManager]   neostore.propertystore.db.strings.id: 2016-05-23T12:22:07+0200 - 9.00 B
2016-05-23 10:22:08.503+0000 INFO  [o.n.k.i.DiagnosticsManager]   neostore.relationshipgroupstore.db: 2016-05-23T12:22:07+0200 - 8.00 kB
2016-05-23 10:22:08.504+0000 INFO  [o.n.k.i.DiagnosticsManager]   neostore.relationshipgroupstore.db.id: 2016-05-23T12:22:07+0200 - 9.00 B
2016-05-23 10:22:08.504+0000 INFO  [o.n.k.i.DiagnosticsManager]   neostore.relationshipstore.db: 2016-05-23T12:22:07+0200 - 0.00 B
2016-05-23 10:22:08.504+0000 INFO  [o.n.k.i.DiagnosticsManager]   neostore.relationshipstore.db.id: 2016-05-23T12:22:07+0200 - 9.00 B
2016-05-23 10:22:08.505+0000 INFO  [o.n.k.i.DiagnosticsManager]   neostore.relationshiptypestore.db: 2016-05-23T12:22:07+0200 - 0.00 B
2016-05-23 10:22:08.505+0000 INFO  [o.n.k.i.DiagnosticsManager]   neostore.relationshiptypestore.db.id: 2016-05-23T12:22:07+0200 - 9.00 B
2016-05-23 10:22:08.505+0000 INFO  [o.n.k.i.DiagnosticsManager]   neostore.relationshiptypestore.db.names: 2016-05-23T12:22:07+0200 - 8.00 kB
2016-05-23 10:22:08.506+0000 INFO  [o.n.k.i.DiagnosticsManager]   neostore.relationshiptypestore.db.names.id: 2016-05-23T12:22:07+0200 - 9.00 B
2016-05-23 10:22:08.506+0000 INFO  [o.n.k.i.DiagnosticsManager]   neostore.schemastore.db: 2016-05-23T12:22:07+0200 - 8.00 kB
2016-05-23 10:22:08.506+0000 INFO  [o.n.k.i.DiagnosticsManager]   neostore.schemastore.db.id: 2016-05-23T12:22:07+0200 - 9.00 B
2016-05-23 10:22:08.506+0000 INFO  [o.n.k.i.DiagnosticsManager]   neostore.transaction.db.0: 2016-05-23T12:22:07+0200 - 16.00 B
2016-05-23 10:22:08.506+0000 INFO  [o.n.k.i.DiagnosticsManager]   schema:
2016-05-23 10:22:08.507+0000 INFO  [o.n.k.i.DiagnosticsManager]     label:
2016-05-23 10:22:08.507+0000 INFO  [o.n.k.i.DiagnosticsManager]       lucene:
2016-05-23 10:22:08.507+0000 INFO  [o.n.k.i.DiagnosticsManager]         write.lock: 2016-05-23T12:22:07+0200 - 0.00 B
2016-05-23 10:22:08.507+0000 INFO  [o.n.k.i.DiagnosticsManager]       - Total: 2016-05-23T12:22:07+0200 - 0.00 B
2016-05-23 10:22:08.507+0000 INFO  [o.n.k.i.DiagnosticsManager]     - Total: 2016-05-23T12:22:07+0200 - 0.00 B
2016-05-23 10:22:08.508+0000 INFO  [o.n.k.i.DiagnosticsManager]   - Total: 2016-05-23T12:22:07+0200 - 0.00 B
2016-05-23 10:22:08.508+0000 INFO  [o.n.k.i.DiagnosticsManager]   store_lock: 2016-05-23T12:22:07+0200 - 0.00 B
2016-05-23 10:22:08.508+0000 INFO  [o.n.k.i.DiagnosticsManager] --- STARTED diagnostics for KernelDiagnostics:StoreFiles END ---
2016-05-23 10:22:09.867+0000 INFO  [o.n.k.i.DiagnosticsManager] --- SERVER STARTED START ---
2016-05-23 10:22:11.396+0000 INFO  [o.n.k.i.DiagnosticsManager] --- SERVER STARTED END ---
2016-05-23 10:23:01.629+0000 WARN  [o.n.k.i.c.MonitorGc] GC Monitor: Application threads blocked for 10000ms.
2016-05-23 10:23:03.468+0000 WARN  [o.n.k.i.c.MonitorGc] GC Monitor: Application threads blocked for 1736ms.
2016-05-23 10:23:55.665+0000 WARN  [o.n.k.i.c.MonitorGc] GC Monitor: Application threads blocked for 3321ms.
2016-05-23 10:23:56.619+0000 WARN  [o.n.k.i.c.MonitorGc] GC Monitor: Application threads blocked for 845ms.
2016-05-23 10:24:06.820+0000 WARN  [o.n.k.i.c.MonitorGc] GC Monitor: Application threads blocked for 10000ms.
2016-05-23 10:24:16.921+0000 WARN  [o.n.k.i.c.MonitorGc] GC Monitor: Application threads blocked for 10000ms.
2016-05-23 10:24:27.022+0000 WARN  [o.n.k.i.c.MonitorGc] GC Monitor: Application threads blocked for 10000ms.
2016-05-23 10:24:37.123+0000 WARN  [o.n.k.i.c.MonitorGc] GC Monitor: Application threads blocked for 10000ms.
2016-05-23 10:24:47.224+0000 WARN  [o.n.k.i.c.MonitorGc] GC Monitor: Application threads blocked for 10000ms.
2016-05-23 10:24:55.888+0000 WARN  [o.n.k.i.c.MonitorGc] GC Monitor: Application threads blocked for 8559ms.
2016-05-23 10:24:57.359+0000 WARN  [o.n.k.i.c.MonitorGc] GC Monitor: Application threads blocked for 251ms.
2016-05-23 10:24:58.256+0000 WARN  [o.n.k.i.c.MonitorGc] GC Monitor: Application threads blocked for 218ms.
2016-05-23 10:24:58.817+0000 WARN  [o.n.k.i.c.MonitorGc] GC Monitor: Application threads blocked for 232ms.
2016-05-23 10:24:59.694+0000 WARN  [o.n.k.i.c.MonitorGc] GC Monitor: Application threads blocked for 575ms.
2016-05-23 10:25:10.454+0000 WARN  [o.n.k.i.c.MonitorGc] GC Monitor: Application threads blocked for 10000ms.
2016-05-23 10:25:20.556+0000 WARN  [o.n.k.i.c.MonitorGc] GC Monitor: Application threads blocked for 10000ms.
2016-05-23 10:25:30.657+0000 WARN  [o.n.k.i.c.MonitorGc] GC Monitor: Application threads blocked for 10000ms.
2016-05-23 10:25:40.758+0000 WARN  [o.n.k.i.c.MonitorGc] GC Monitor: Application threads blocked for 10000ms.
2016-05-23 10:25:50.860+0000 WARN  [o.n.k.i.c.MonitorGc] GC Monitor: Application threads blocked for 10000ms.
2016-05-23 10:26:00.961+0000 WARN  [o.n.k.i.c.MonitorGc] GC Monitor: Application threads blocked for 10000ms.
2016-05-23 10:26:11.062+0000 WARN  [o.n.k.i.c.MonitorGc] GC Monitor: Application threads blocked for 10000ms.
2016-05-23 10:26:21.163+0000 WARN  [o.n.k.i.c.MonitorGc] GC Monitor: Application threads blocked for 10000ms.
2016-05-23 10:26:31.264+0000 WARN  [o.n.k.i.c.MonitorGc] GC Monitor: Application threads blocked for 10000ms.
2016-05-23 10:26:41.365+0000 WARN  [o.n.k.i.c.MonitorGc] GC Monitor: Application threads blocked for 10000ms.
2016-05-23 10:26:51.466+0000 WARN  [o.n.k.i.c.MonitorGc] GC Monitor: Application threads blocked for 10000ms.
2016-05-23 10:27:01.567+0000 WARN  [o.n.k.i.c.MonitorGc] GC Monitor: Application threads blocked for 10000ms.
2016-05-23 10:27:11.668+0000 WARN  [o.n.k.i.c.MonitorGc] GC Monitor: Application threads blocked for 10000ms.
2016-05-23 10:27:21.769+0000 WARN  [o.n.k.i.c.MonitorGc] GC Monitor: Application threads blocked for 10000ms.
2016-05-23 10:27:31.870+0000 WARN  [o.n.k.i.c.MonitorGc] GC Monitor: Application threads blocked for 10000ms.
2016-05-23 10:27:41.971+0000 WARN  [o.n.k.i.c.MonitorGc] GC Monitor: Application threads blocked for 10000ms.
2016-05-23 10:27:48.202+0000 WARN  [o.n.k.i.c.MonitorGc] GC Monitor: Application threads blocked for 6130ms.
2016-05-23 10:27:56.242+0000 WARN  [o.n.k.i.c.MonitorGc] GC Monitor: Application threads blocked for 7925ms.
2016-05-23 10:27:56.589+0000 WARN  [o.n.k.i.c.MonitorGc] GC Monitor: Application threads blocked for 246ms.
2016-05-23 10:28:06.891+0000 WARN  [o.n.k.i.c.MonitorGc] GC Monitor: Application threads blocked for 10000ms.
2016-05-23 10:28:09.313+0000 WARN  [o.n.k.i.c.MonitorGc] GC Monitor: Application threads blocked for 2321ms.
2016-05-23 10:28:14.338+0000 WARN  [o.n.k.i.c.MonitorGc] GC Monitor: Application threads blocked for 3995ms.
2016-05-23 10:28:24.541+0000 WARN  [o.n.k.i.c.MonitorGc] GC Monitor: Application threads blocked for 10000ms.
2016-05-23 10:28:34.643+0000 WARN  [o.n.k.i.c.MonitorGc] GC Monitor: Application threads blocked for 10000ms.
2016-05-23 10:28:37.624+0000 WARN  [o.n.k.i.c.MonitorGc] GC Monitor: Application threads blocked for 2880ms.
2016-05-23 10:28:46.691+0000 WARN  [o.n.k.i.c.MonitorGc] GC Monitor: Application threads blocked for 8864ms.
2016-05-23 10:28:50.450+0000 WARN  [o.n.k.i.c.MonitorGc] GC Monitor: Application threads blocked for 3557ms.
2016-05-23 10:29:00.655+0000 WARN  [o.n.k.i.c.MonitorGc] GC Monitor: Application threads blocked for 10000ms.
2016-05-23 10:29:10.756+0000 WARN  [o.n.k.i.c.MonitorGc] GC Monitor: Application threads blocked for 10000ms.
2016-05-23 10:29:20.857+0000 WARN  [o.n.k.i.c.MonitorGc] GC Monitor: Application threads blocked for 10000ms.
2016-05-23 10:29:30.958+0000 WARN  [o.n.k.i.c.MonitorGc] GC Monitor: Application threads blocked for 10000ms.
2016-05-23 10:29:41.059+0000 WARN  [o.n.k.i.c.MonitorGc] GC Monitor: Application threads blocked for 10000ms.
2016-05-23 10:29:51.160+0000 WARN  [o.n.k.i.c.MonitorGc] GC Monitor: Application threads blocked for 10000ms.
2016-05-23 10:29:52.791+0000 WARN  [o.n.k.i.c.MonitorGc] GC Monitor: Application threads blocked for 1530ms.
2016-05-23 10:29:55.874+0000 WARN  [o.n.k.i.c.MonitorGc] GC Monitor: Application threads blocked for 2882ms.
2016-05-23 10:30:05.975+0000 WARN  [o.n.k.i.c.MonitorGc] GC Monitor: Application threads blocked for 10000ms.
2016-05-23 10:30:11.650+0000 WARN  [o.n.k.i.c.MonitorGc] GC Monitor: Application threads blocked for 5574ms.
2016-05-23 10:30:22.001+0000 WARN  [o.n.k.i.c.MonitorGc] GC Monitor: Application threads blocked for 10000ms.
2016-05-23 10:30:32.103+0000 WARN  [o.n.k.i.c.MonitorGc] GC Monitor: Application threads blocked for 10000ms.
2016-05-23 10:30:42.206+0000 WARN  [o.n.k.i.c.MonitorGc] GC Monitor: Application threads blocked for 10000ms.
2016-05-23 10:30:44.960+0000 WARN  [o.n.k.i.c.MonitorGc] GC Monitor: Application threads blocked for 2650ms.
2016-05-23 10:30:55.061+0000 WARN  [o.n.k.i.c.MonitorGc] GC Monitor: Application threads blocked for 10000ms.
2016-05-23 10:31:00.345+0000 WARN  [o.n.k.i.c.MonitorGc] GC Monitor: Application threads blocked for 5183ms.
2016-05-23 10:31:01.083+0000 WARN  [o.n.k.i.c.MonitorGc] GC Monitor: Application threads blocked for 537ms.
2016-05-23 10:31:11.988+0000 WARN  [o.n.k.i.c.MonitorGc] GC Monitor: Application threads blocked for 10000ms.
2016-05-23 10:31:22.089+0000 WARN  [o.n.k.i.c.MonitorGc] GC Monitor: Application threads blocked for 10000ms.
2016-05-23 10:31:32.190+0000 WARN  [o.n.k.i.c.MonitorGc] GC Monitor: Application threads blocked for 10000ms.
2016-05-23 10:31:42.291+0000 WARN  [o.n.k.i.c.MonitorGc] GC Monitor: Application threads blocked for 10000ms.
2016-05-23 10:31:52.392+0000 WARN  [o.n.k.i.c.MonitorGc] GC Monitor: Application threads blocked for 10000ms.
2016-05-23 10:31:59.406+0000 WARN  [o.n.k.i.c.MonitorGc] GC Monitor: Application threads blocked for 6912ms.
2016-05-23 10:32:09.526+0000 WARN  [o.n.k.i.c.MonitorGc] GC Monitor: Application threads blocked for 10000ms.
2016-05-23 10:32:19.627+0000 WARN  [o.n.k.i.c.MonitorGc] GC Monitor: Application threads blocked for 10000ms.
2016-05-23 10:32:28.560+0000 WARN  [o.n.k.i.c.MonitorGc] GC Monitor: Application threads blocked for 8832ms.
2016-05-23 10:32:30.505+0000 WARN  [o.n.k.i.c.MonitorGc] GC Monitor: Application threads blocked for 1840ms.
2016-05-23 10:32:40.612+0000 WARN  [o.n.k.i.c.MonitorGc] GC Monitor: Application threads blocked for 10000ms.
2016-05-23 10:32:50.713+0000 WARN  [o.n.k.i.c.MonitorGc] GC Monitor: Application threads blocked for 10000ms.
2016-05-23 10:33:00.813+0000 WARN  [o.n.k.i.c.MonitorGc] GC Monitor: Application threads blocked for 10000ms.
2016-05-23 10:33:10.914+0000 WARN  [o.n.k.i.c.MonitorGc] GC Monitor: Application threads blocked for 10000ms.
2016-05-23 10:33:21.015+0000 WARN  [o.n.k.i.c.MonitorGc] GC Monitor: Application threads blocked for 10000ms.
2016-05-23 10:33:31.116+0000 WARN  [o.n.k.i.c.MonitorGc] GC Monitor: Application threads blocked for 10000ms.
2016-05-23 10:33:34.314+0000 WARN  [o.n.k.i.c.MonitorGc] GC Monitor: Application threads blocked for 3097ms.
2016-05-23 10:33:35.052+0000 WARN  [o.n.k.i.c.MonitorGc] GC Monitor: Application threads blocked for 285ms.
2016-05-23 10:33:50.352+0000 WARN  [o.n.k.i.c.MonitorGc] GC Monitor: Application threads blocked for 13889ms.
2016-05-23 10:49:37.574+0000 WARN  [o.n.k.i.c.MonitorGc] GC Monitor: Application threads blocked for 947115ms.
2016-05-23 10:49:39.795+0000 WARN  [o.n.k.i.c.MonitorGc] GC Monitor: Application threads blocked for 286ms.
2016-05-23 10:49:41.671+0000 WARN  [o.n.k.i.c.MonitorGc] GC Monitor: Application threads blocked for 1469ms.
2016-05-23 10:49:42.228+0000 WARN  [o.n.k.i.c.MonitorGc] GC Monitor: Application threads blocked for 354ms.
2016-05-23 10:49:43.862+0000 WARN  [o.n.k.i.c.MonitorGc] GC Monitor: Application threads blocked for 1219ms.
2016-05-23 10:49:45.248+0000 WARN  [o.n.k.i.c.MonitorGc] GC Monitor: Application threads blocked for 1285ms.
2016-05-23 10:49:45.571+0000 WARN  [o.n.k.i.c.MonitorGc] GC Monitor: Application threads blocked for 222ms.
2016-05-23 10:49:46.588+0000 WARN  [o.n.k.i.c.MonitorGc] GC Monitor: Application threads blocked for 716ms.
2016-05-23 10:49:47.824+0000 WARN  [o.n.k.i.c.MonitorGc] GC Monitor: Application threads blocked for 1034ms.
2016-05-23 10:49:48.637+0000 WARN  [o.n.k.i.c.MonitorGc] GC Monitor: Application threads blocked for 712ms.
2016-05-23 10:49:49.623+0000 WARN  [o.n.k.i.c.MonitorGc] GC Monitor: Application threads blocked for 886ms.
2016-05-23 10:49:51.891+0000 WARN  [o.n.k.i.c.MonitorGc] GC Monitor: Application threads blocked for 379ms.
2016-05-23 10:50:00.287+0000 WARN  [o.n.k.i.c.MonitorGc] GC Monitor: Application threads blocked for 7170ms.
2016-05-23 10:50:01.152+0000 WARN  [o.n.k.i.c.MonitorGc] GC Monitor: Application threads blocked for 652ms.
2016-05-23 10:50:01.602+0000 WARN  [o.n.k.i.c.MonitorGc] GC Monitor: Application threads blocked for 248ms.
2016-05-23 10:50:02.118+0000 WARN  [o.n.k.i.c.MonitorGc] GC Monitor: Application threads blocked for 214ms.
2016-05-23 10:50:12.319+0000 WARN  [o.n.k.i.c.MonitorGc] GC Monitor: Application threads blocked for 10000ms.
2016-05-23 10:50:13.511+0000 WARN  [o.n.k.i.c.MonitorGc] GC Monitor: Application threads blocked for 1092ms.
2016-05-23 10:50:14.233+0000 WARN  [o.n.k.i.c.MonitorGc] GC Monitor: Application threads blocked for 302ms.
2016-05-23 10:50:15.692+0000 WARN  [o.n.k.i.c.MonitorGc] GC Monitor: Application threads blocked for 460ms.
2016-05-23 10:50:26.871+0000 WARN  [o.n.k.i.c.MonitorGc] GC Monitor: Application threads blocked for 10000ms.
2016-05-23 10:50:33.068+0000 WARN  [o.n.k.i.c.MonitorGc] GC Monitor: Application threads blocked for 6097ms.
2016-05-23 10:50:33.574+0000 WARN  [o.n.k.i.c.MonitorGc] GC Monitor: Application threads blocked for 405ms.
2016-05-23 10:50:35.577+0000 WARN  [o.n.k.i.c.MonitorGc] GC Monitor: Application threads blocked for 1902ms.
2016-05-23 10:50:41.046+0000 WARN  [o.n.k.i.c.MonitorGc] GC Monitor: Application threads blocked for 5362ms.
2016-05-23 10:51:23.854+0000 INFO  [o.n.k.i.f.GraphDatabaseFacade] Shutdown started
2016-05-23 10:51:23.855+0000 INFO  [o.n.k.i.f.CommunityFacadeFactory] Database is now unavailable
2016-05-23 10:51:23.865+0000 INFO  [o.n.k.i.t.l.c.CheckPointerImpl] Check Pointing triggered by database shutdown [1]:  Starting check pointing...
2016-05-23 10:51:23.865+0000 INFO  [o.n.k.i.t.l.c.CheckPointerImpl] Check Pointing triggered by database shutdown [1]:  Starting store flush...
2016-05-23 10:51:23.867+0000 INFO  [o.n.k.i.t.l.c.CheckPointerImpl] Check Pointing triggered by database shutdown [1]:  Store flush completed
2016-05-23 10:51:23.867+0000 INFO  [o.n.k.i.t.l.c.CheckPointerImpl] Check Pointing triggered by database shutdown [1]:  Starting appending check point entry into the tx log...
2016-05-23 10:51:23.884+0000 INFO  [o.n.k.i.t.l.c.CheckPointerImpl] Check Pointing triggered by database shutdown [1]:  Appending check point entry into the tx log completed
2016-05-23 10:51:23.884+0000 INFO  [o.n.k.i.t.l.c.CheckPointerImpl] Check Pointing triggered by database shutdown [1]:  Check pointing completed
2016-05-23 10:51:23.885+0000 INFO  [o.n.k.i.t.l.p.LogPruningImpl] Log Rotation [0]:  Starting log pruning.
2016-05-23 10:51:23.885+0000 INFO  [o.n.k.i.t.l.p.LogPruningImpl] Log Rotation [0]:  Log pruning complete.
2016-05-23 10:51:23.899+0000 INFO  [o.n.k.NeoStoreDataSource] NeoStores closed
2016-05-23 10:51:23.900+0000 INFO  [o.n.k.i.DiagnosticsManager] --- STOPPING diagnostics START ---
2016-05-23 10:51:23.900+0000 INFO  [o.n.k.i.DiagnosticsManager] --- STOPPING diagnostics END ---
